  Determining projects to restore...
C:\Users\Admin\Desktop\Code\Learn.NETMicroservices\PlatformService\PlatformService.csproj : warning NU1903: Package 'AutoMapper' 11.0.0 has a known high severity vulnerability, https://github.com/advisories/GHSA-rvv3-g6hj-g44x
  All projects are up-to-date for restore.
C:\Users\Admin\Desktop\Code\Learn.NETMicroservices\PlatformService\PlatformService.csproj : warning NU1903: Package 'AutoMapper' 11.0.0 has a known high severity vulnerability, https://github.com/advisories/GHSA-rvv3-g6hj-g44x
C:\Users\Admin\Desktop\Code\Learn.NETMicroservices\PlatformService\Models\Platform.cs(11,23): warning CS8618: Non-nullable property 'Name' must contain a non-null value when exiting constructor. Consider adding the 'required' modifier or declaring the property as nullable. [C:\Users\Admin\Desktop\Code\Learn.NETMicroservices\PlatformService\PlatformService.csproj]
C:\Users\Admin\Desktop\Code\Learn.NETMicroservices\PlatformService\Models\Platform.cs(13,23): warning CS8618: Non-nullable property 'Publisher' must contain a non-null value when exiting constructor. Consider adding the 'required' modifier or declaring the property as nullable. [C:\Users\Admin\Desktop\Code\Learn.NETMicroservices\PlatformService\PlatformService.csproj]
C:\Users\Admin\Desktop\Code\Learn.NETMicroservices\PlatformService\Models\Platform.cs(15,23): warning CS8618: Non-nullable property 'Cost' must contain a non-null value when exiting constructor. Consider adding the 'required' modifier or declaring the property as nullable. [C:\Users\Admin\Desktop\Code\Learn.NETMicroservices\PlatformService\PlatformService.csproj]
C:\Users\Admin\Desktop\Code\Learn.NETMicroservices\PlatformService\Dtos\PlatformReadDto.cs(6,23): warning CS8618: Non-nullable property 'Name' must contain a non-null value when exiting constructor. Consider adding the 'required' modifier or declaring the property as nullable. [C:\Users\Admin\Desktop\Code\Learn.NETMicroservices\PlatformService\PlatformService.csproj]
C:\Users\Admin\Desktop\Code\Learn.NETMicroservices\PlatformService\Dtos\PlatformReadDto.cs(7,23): warning CS8618: Non-nullable property 'Publisher' must contain a non-null value when exiting constructor. Consider adding the 'required' modifier or declaring the property as nullable. [C:\Users\Admin\Desktop\Code\Learn.NETMicroservices\PlatformService\PlatformService.csproj]
C:\Users\Admin\Desktop\Code\Learn.NETMicroservices\PlatformService\Dtos\PlatformReadDto.cs(8,23): warning CS8618: Non-nullable property 'Cost' must contain a non-null value when exiting constructor. Consider adding the 'required' modifier or declaring the property as nullable. [C:\Users\Admin\Desktop\Code\Learn.NETMicroservices\PlatformService\PlatformService.csproj]
C:\Users\Admin\Desktop\Code\Learn.NETMicroservices\PlatformService\Dtos\PlatformCreateDto.cs(8,23): warning CS8618: Non-nullable property 'Name' must contain a non-null value when exiting constructor. Consider adding the 'required' modifier or declaring the property as nullable. [C:\Users\Admin\Desktop\Code\Learn.NETMicroservices\PlatformService\PlatformService.csproj]
C:\Users\Admin\Desktop\Code\Learn.NETMicroservices\PlatformService\Dtos\PlatformCreateDto.cs(10,23): warning CS8618: Non-nullable property 'Publisher' must contain a non-null value when exiting constructor. Consider adding the 'required' modifier or declaring the property as nullable. [C:\Users\Admin\Desktop\Code\Learn.NETMicroservices\PlatformService\PlatformService.csproj]
C:\Users\Admin\Desktop\Code\Learn.NETMicroservices\PlatformService\Dtos\PlatformCreateDto.cs(12,23): warning CS8618: Non-nullable property 'Cost' must contain a non-null value when exiting constructor. Consider adding the 'required' modifier or declaring the property as nullable. [C:\Users\Admin\Desktop\Code\Learn.NETMicroservices\PlatformService\PlatformService.csproj]
C:\Users\Admin\Desktop\Code\Learn.NETMicroservices\PlatformService\Program.cs(42,8): error CS7036: There is no argument given that corresponds to the required parameter 'isProd' of 'PrepDb.PrepPopulation(IApplicationBuilder, bool)' [C:\Users\Admin\Desktop\Code\Learn.NETMicroservices\PlatformService\PlatformService.csproj]

Build FAILED.

C:\Users\Admin\Desktop\Code\Learn.NETMicroservices\PlatformService\PlatformService.csproj : warning NU1903: Package 'AutoMapper' 11.0.0 has a known high severity vulnerability, https://github.com/advisories/GHSA-rvv3-g6hj-g44x
C:\Users\Admin\Desktop\Code\Learn.NETMicroservices\PlatformService\PlatformService.csproj : warning NU1903: Package 'AutoMapper' 11.0.0 has a known high severity vulnerability, https://github.com/advisories/GHSA-rvv3-g6hj-g44x
C:\Users\Admin\Desktop\Code\Learn.NETMicroservices\PlatformService\Models\Platform.cs(11,23): warning CS8618: Non-nullable property 'Name' must contain a non-null value when exiting constructor. Consider adding the 'required' modifier or declaring the property as nullable. [C:\Users\Admin\Desktop\Code\Learn.NETMicroservices\PlatformService\PlatformService.csproj]
C:\Users\Admin\Desktop\Code\Learn.NETMicroservices\PlatformService\Models\Platform.cs(13,23): warning CS8618: Non-nullable property 'Publisher' must contain a non-null value when exiting constructor. Consider adding the 'required' modifier or declaring the property as nullable. [C:\Users\Admin\Desktop\Code\Learn.NETMicroservices\PlatformService\PlatformService.csproj]
C:\Users\Admin\Desktop\Code\Learn.NETMicroservices\PlatformService\Models\Platform.cs(15,23): warning CS8618: Non-nullable property 'Cost' must contain a non-null value when exiting constructor. Consider adding the 'required' modifier or declaring the property as nullable. [C:\Users\Admin\Desktop\Code\Learn.NETMicroservices\PlatformService\PlatformService.csproj]
C:\Users\Admin\Desktop\Code\Learn.NETMicroservices\PlatformService\Dtos\PlatformReadDto.cs(6,23): warning CS8618: Non-nullable property 'Name' must contain a non-null value when exiting constructor. Consider adding the 'required' modifier or declaring the property as nullable. [C:\Users\Admin\Desktop\Code\Learn.NETMicroservices\PlatformService\PlatformService.csproj]
C:\Users\Admin\Desktop\Code\Learn.NETMicroservices\PlatformService\Dtos\PlatformReadDto.cs(7,23): warning CS8618: Non-nullable property 'Publisher' must contain a non-null value when exiting constructor. Consider adding the 'required' modifier or declaring the property as nullable. [C:\Users\Admin\Desktop\Code\Learn.NETMicroservices\PlatformService\PlatformService.csproj]
C:\Users\Admin\Desktop\Code\Learn.NETMicroservices\PlatformService\Dtos\PlatformReadDto.cs(8,23): warning CS8618: Non-nullable property 'Cost' must contain a non-null value when exiting constructor. Consider adding the 'required' modifier or declaring the property as nullable. [C:\Users\Admin\Desktop\Code\Learn.NETMicroservices\PlatformService\PlatformService.csproj]
C:\Users\Admin\Desktop\Code\Learn.NETMicroservices\PlatformService\Dtos\PlatformCreateDto.cs(8,23): warning CS8618: Non-nullable property 'Name' must contain a non-null value when exiting constructor. Consider adding the 'required' modifier or declaring the property as nullable. [C:\Users\Admin\Desktop\Code\Learn.NETMicroservices\PlatformService\PlatformService.csproj]
C:\Users\Admin\Desktop\Code\Learn.NETMicroservices\PlatformService\Dtos\PlatformCreateDto.cs(10,23): warning CS8618: Non-nullable property 'Publisher' must contain a non-null value when exiting constructor. Consider adding the 'required' modifier or declaring the property as nullable. [C:\Users\Admin\Desktop\Code\Learn.NETMicroservices\PlatformService\PlatformService.csproj]
C:\Users\Admin\Desktop\Code\Learn.NETMicroservices\PlatformService\Dtos\PlatformCreateDto.cs(12,23): warning CS8618: Non-nullable property 'Cost' must contain a non-null value when exiting constructor. Consider adding the 'required' modifier or declaring the property as nullable. [C:\Users\Admin\Desktop\Code\Learn.NETMicroservices\PlatformService\PlatformService.csproj]
C:\Users\Admin\Desktop\Code\Learn.NETMicroservices\PlatformService\Program.cs(42,8): error CS7036: There is no argument given that corresponds to the required parameter 'isProd' of 'PrepDb.PrepPopulation(IApplicationBuilder, bool)' [C:\Users\Admin\Desktop\Code\Learn.NETMicroservices\PlatformService\PlatformService.csproj]
    11 Warning(s)
    1 Error(s)

Time Elapsed 00:00:02.83
